<?xml version="1.0" encoding="UTF-8"?>
<testsuite name="dev.taina.chatlol.application.ListChampionsUseCaseIntegrationTest" tests="1" skipped="0" failures="0" errors="0" timestamp="2024-03-25T23:53:26" hostname="MacBook-Pro-de-Taina.local" time="1.3">
  <properties/>
  <testcase name="testListChampions()" classname="dev.taina.chatlol.application.ListChampionsUseCaseIntegrationTest" time="1.3"/>
  <system-out><![CDATA[20:53:22.645 [Test worker] INFO org.springframework.test.context.support.AnnotationConfigContextLoaderUtils -- Could not detect default configuration classes for test class [dev.taina.chatlol.application.ListChampionsUseCaseIntegrationTest]: ListChampionsUseCaseIntegrationTest does not declare any static, non-private, non-final, nested classes annotated with @Configuration.
20:53:22.797 [Test worker] INFO org.springframework.boot.test.context.SpringBootTestContextBootstrapper -- Found @SpringBootConfiguration dev.taina.chatlol.ChatLolApplication for test class dev.taina.chatlol.application.ListChampionsUseCaseIntegrationTest

  .   ____          _            __ _ _
 /\\ / ___'_ __ _ _(_)_ __  __ _ \ \ \ \
( ( )\___ | '_ | '_| | '_ \/ _` | \ \ \ \
 \\/  ___)| |_)| | | | | || (_| |  ) ) ) )
  '  |____| .__|_| |_|_| |_\__, | / / / /
 =========|_|==============|___/=/_/_/_/
 :: Spring Boot ::                (v3.2.4)

2024-03-25T20:53:23.472-03:00  INFO 2996 --- [chat-lol] [    Test worker] .c.a.ListChampionsUseCaseIntegrationTest : Starting ListChampionsUseCaseIntegrationTest using Java 21.0.2 with PID 2996 (started by tainasantos in /Users/tainasantos/Documents/personal/chat-lol)
2024-03-25T20:53:23.475-03:00  INFO 2996 --- [chat-lol] [    Test worker] .c.a.ListChampionsUseCaseIntegrationTest : No active profile set, falling back to 1 default profile: "default"
2024-03-25T20:53:24.414-03:00  INFO 2996 --- [chat-lol] [    Test worker] .s.d.r.c.RepositoryConfigurationDelegate : Bootstrapping Spring Data JDBC repositories in DEFAULT mode.
2024-03-25T20:53:24.435-03:00  INFO 2996 --- [chat-lol] [    Test worker] .s.d.r.c.RepositoryConfigurationDelegate : Finished Spring Data repository scanning in 16 ms. Found 0 JDBC repository interfaces.
2024-03-25T20:53:24.721-03:00  INFO 2996 --- [chat-lol] [    Test worker] o.s.cloud.context.scope.GenericScope     : BeanFactory id=101cb65d-1794-3d76-b17f-6add3651b1e5
2024-03-25T20:53:25.009-03:00  INFO 2996 --- [chat-lol] [    Test worker] com.zaxxer.hikari.HikariDataSource       : HikariPool-1 - Starting...
2024-03-25T20:53:25.282-03:00  INFO 2996 --- [chat-lol] [    Test worker] com.zaxxer.hikari.pool.HikariPool        : HikariPool-1 - Added connection conn0: url=jdbc:h2:mem:sdw2024 user=SA
2024-03-25T20:53:25.285-03:00  INFO 2996 --- [chat-lol] [    Test worker] com.zaxxer.hikari.HikariDataSource       : HikariPool-1 - Start completed.
2024-03-25T20:53:26.220-03:00  INFO 2996 --- [chat-lol] [    Test worker] o.s.b.a.h2.H2ConsoleAutoConfiguration    : H2 console available at '/h2-console'. Database available at 'jdbc:h2:mem:sdw2024'
2024-03-25T20:53:26.366-03:00  INFO 2996 --- [chat-lol] [    Test worker] .c.a.ListChampionsUseCaseIntegrationTest : Started ListChampionsUseCaseIntegrationTest in 3.34 seconds (process running for 5.272)
]]></system-out>
  <system-err><![CDATA[WARNING: A Java agent has been loaded dynamically (/Users/tainasantos/.gradle/caches/modules-2/files-2.1/net.bytebuddy/byte-buddy-agent/1.14.12/be4984cb6fd1ef1d11f218a648889dfda44b8a15/byte-buddy-agent-1.14.12.jar)
WARNING: If a serviceability tool is in use, please run with -XX:+EnableDynamicAgentLoading to hide this warning
WARNING: If a serviceability tool is not in use, please run with -Djdk.instrument.traceUsage for more information
WARNING: Dynamic loading of agents will be disallowed by default in a future release
]]></system-err>
</testsuite>
